0 info it worked if it ends with ok
1 verbose cli [ '/usr/local/bin/node', '/usr/local/bin/npm', 'start' ]
2 info using npm@3.3.12
3 info using node@v5.3.0
4 verbose run-script [ 'prestart', 'start', 'poststart' ]
5 info lifecycle chap06@1.0.0~prestart: chap06@1.0.0
6 silly lifecycle chap06@1.0.0~prestart: no script for prestart, continuing
7 info lifecycle chap06@1.0.0~start: chap06@1.0.0
8 verbose lifecycle chap06@1.0.0~start: unsafe-perm in lifecycle true
9 verbose lifecycle chap06@1.0.0~start: PATH: /usr/local/lib/node_modules/npm/bin/node-gyp-bin:/Users/jasonkrol/git/building-react-book-code/chap06/node_modules/.bin:/usr/local/bin:/usr/bin:/bin:/usr/sbin:/sbin:/usr/local/MacGPG2/bin:/Users/jasonkrol/.gem/ruby/1.8/bin:/opt/nginx/sbin:/Users/jasonkrol/go/bin
10 verbose lifecycle chap06@1.0.0~start: CWD: /Users/jasonkrol/git/building-react-book-code/chap06
11 silly lifecycle chap06@1.0.0~start: Args: [ '-c', 'node --use_strict server/server.js' ]
12 silly lifecycle chap06@1.0.0~start: Returned: code: 1  signal: null
13 info lifecycle chap06@1.0.0~start: Failed to exec start script
14 verbose stack Error: chap06@1.0.0 start: `node --use_strict server/server.js`
14 verbose stack Exit status 1
14 verbose stack     at EventEmitter.<anonymous> (/usr/local/lib/node_modules/npm/lib/utils/lifecycle.js:232:16)
14 verbose stack     at emitTwo (events.js:87:13)
14 verbose stack     at EventEmitter.emit (events.js:172:7)
14 verbose stack     at ChildProcess.<anonymous> (/usr/local/lib/node_modules/npm/lib/utils/spawn.js:24:14)
14 verbose stack     at emitTwo (events.js:87:13)
14 verbose stack     at ChildProcess.emit (events.js:172:7)
14 verbose stack     at maybeClose (internal/child_process.js:818:16)
14 verbose stack     at Process.ChildProcess._handle.onexit (internal/child_process.js:211:5)
15 verbose pkgid chap06@1.0.0
16 verbose cwd /Users/jasonkrol/git/building-react-book-code/chap06
17 error Darwin 15.2.0
18 error argv "/usr/local/bin/node" "/usr/local/bin/npm" "start"
19 error node v5.3.0
20 error npm  v3.3.12
21 error code ELIFECYCLE
22 error chap06@1.0.0 start: `node --use_strict server/server.js`
22 error Exit status 1
23 error Failed at the chap06@1.0.0 start script 'node --use_strict server/server.js'.
23 error Make sure you have the latest version of node.js and npm installed.
23 error If you do, this is most likely a problem with the chap06 package,
23 error not with npm itself.
23 error Tell the author that this fails on your system:
23 error     node --use_strict server/server.js
23 error You can get their info via:
23 error     npm owner ls chap06
23 error There is likely additional logging output above.
24 verbose exit [ 1, true ]
